This is pdfTeX, Version 3.14159265-2.6-1.40.15 (TeX Live 2014) (preloaded format=pdflatex 2014.10.21)  17 DEC 2014 14:38
entering extended mode
 restricted \write18 enabled.
 %&-line parsing enabled.
**seminar.tex
(./seminar.tex
LaTeX2e <2014/05/01>
Babel <3.9k> and hyphenation patterns for 78 languages loaded.
(/usr/local/texlive/2014/texmf-dist/tex/latex/base/article.cls
Document Class: article 2007/10/19 v1.4h Standard LaTeX document class
(/usr/local/texlive/2014/texmf-dist/tex/latex/base/size11.clo
File: size11.clo 2007/10/19 v1.4h Standard LaTeX file (size option)
)
\c@part=\count79
\c@section=\count80
\c@subsection=\count81
\c@subsubsection=\count82
\c@paragraph=\count83
\c@subparagraph=\count84
\c@figure=\count85
\c@table=\count86
\abovecaptionskip=\skip41
\belowcaptionskip=\skip42
\bibindent=\dimen102
)
(/usr/local/texlive/2014/texmf-dist/tex/generic/babel/babel.sty
Package: babel 2014/03/24 3.9k The Babel package

(/usr/local/texlive/2014/texmf-dist/tex/generic/babel-german/ngerman.ldf
Language: ngerman 2013/12/13 v2.7 German support for babel (new orthography)

(/usr/local/texlive/2014/texmf-dist/tex/generic/babel-german/ngermanb.ldf
Language: ngermanb 2013/12/13 v2.7 German support for babel (new orthography)

(/usr/local/texlive/2014/texmf-dist/tex/generic/babel/babel.def
File: babel.def 2014/03/24 3.9k Babel common definitions
\babel@savecnt=\count87
\U@D=\dimen103
)
\l@naustrian = a dialect from \language\l@ngerman 
\l@nswissgerman = a dialect from \language\l@ngerman 
Package babel Info: Making " an active character on input line 88.
)))
(/usr/local/texlive/2014/texmf-dist/tex/latex/base/inputenc.sty
Package: inputenc 2014/04/30 v1.2b Input encoding file
\inpenc@prehook=\toks14
\inpenc@posthook=\toks15

(/usr/local/texlive/2014/texmf-dist/tex/latex/base/utf8.def
File: utf8.def 2008/04/05 v1.1m UTF-8 support for inputenc
Now handling font encoding OML ...
... no UTF-8 mapping file for font encoding OML
Now handling font encoding T1 ...
... processing UTF-8 mapping file for font encoding T1

(/usr/local/texlive/2014/texmf-dist/tex/latex/base/t1enc.dfu
File: t1enc.dfu 2008/04/05 v1.1m UTF-8 support for inputenc
   defining Unicode char U+00A1 (decimal 161)
   defining Unicode char U+00A3 (decimal 163)
   defining Unicode char U+00AB (decimal 171)
   defining Unicode char U+00BB (decimal 187)
   defining Unicode char U+00BF (decimal 191)
   defining Unicode char U+00C0 (decimal 192)
   defining Unicode char U+00C1 (decimal 193)
   defining Unicode char U+00C2 (decimal 194)
   defining Unicode char U+00C3 (decimal 195)
   defining Unicode char U+00C4 (decimal 196)
   defining Unicode char U+00C5 (decimal 197)
   defining Unicode char U+00C6 (decimal 198)
   defining Unicode char U+00C7 (decimal 199)
   defining Unicode char U+00C8 (decimal 200)
   defining Unicode char U+00C9 (decimal 201)
   defining Unicode char U+00CA (decimal 202)
   defining Unicode char U+00CB (decimal 203)
   defining Unicode char U+00CC (decimal 204)
   defining Unicode char U+00CD (decimal 205)
   defining Unicode char U+00CE (decimal 206)
   defining Unicode char U+00CF (decimal 207)
   defining Unicode char U+00D0 (decimal 208)
   defining Unicode char U+00D1 (decimal 209)
   defining Unicode char U+00D2 (decimal 210)
   defining Unicode char U+00D3 (decimal 211)
   defining Unicode char U+00D4 (decimal 212)
   defining Unicode char U+00D5 (decimal 213)
   defining Unicode char U+00D6 (decimal 214)
   defining Unicode char U+00D8 (decimal 216)
   defining Unicode char U+00D9 (decimal 217)
   defining Unicode char U+00DA (decimal 218)
   defining Unicode char U+00DB (decimal 219)
   defining Unicode char U+00DC (decimal 220)
   defining Unicode char U+00DD (decimal 221)
   defining Unicode char U+00DE (decimal 222)
   defining Unicode char U+00DF (decimal 223)
   defining Unicode char U+00E0 (decimal 224)
   defining Unicode char U+00E1 (decimal 225)
   defining Unicode char U+00E2 (decimal 226)
   defining Unicode char U+00E3 (decimal 227)
   defining Unicode char U+00E4 (decimal 228)
   defining Unicode char U+00E5 (decimal 229)
   defining Unicode char U+00E6 (decimal 230)
   defining Unicode char U+00E7 (decimal 231)
   defining Unicode char U+00E8 (decimal 232)
   defining Unicode char U+00E9 (decimal 233)
   defining Unicode char U+00EA (decimal 234)
   defining Unicode char U+00EB (decimal 235)
   defining Unicode char U+00EC (decimal 236)
   defining Unicode char U+00ED (decimal 237)
   defining Unicode char U+00EE (decimal 238)
   defining Unicode char U+00EF (decimal 239)
   defining Unicode char U+00F0 (decimal 240)
   defining Unicode char U+00F1 (decimal 241)
   defining Unicode char U+00F2 (decimal 242)
   defining Unicode char U+00F3 (decimal 243)
   defining Unicode char U+00F4 (decimal 244)
   defining Unicode char U+00F5 (decimal 245)
   defining Unicode char U+00F6 (decimal 246)
   defining Unicode char U+00F8 (decimal 248)
   defining Unicode char U+00F9 (decimal 249)
   defining Unicode char U+00FA (decimal 250)
   defining Unicode char U+00FB (decimal 251)
   defining Unicode char U+00FC (decimal 252)
   defining Unicode char U+00FD (decimal 253)
   defining Unicode char U+00FE (decimal 254)
   defining Unicode char U+00FF (decimal 255)
   defining Unicode char U+0102 (decimal 258)
   defining Unicode char U+0103 (decimal 259)
   defining Unicode char U+0104 (decimal 260)
   defining Unicode char U+0105 (decimal 261)
   defining Unicode char U+0106 (decimal 262)
   defining Unicode char U+0107 (decimal 263)
   defining Unicode char U+010C (decimal 268)
   defining Unicode char U+010D (decimal 269)
   defining Unicode char U+010E (decimal 270)
   defining Unicode char U+010F (decimal 271)
   defining Unicode char U+0110 (decimal 272)
   defining Unicode char U+0111 (decimal 273)
   defining Unicode char U+0118 (decimal 280)
   defining Unicode char U+0119 (decimal 281)
   defining Unicode char U+011A (decimal 282)
   defining Unicode char U+011B (decimal 283)
   defining Unicode char U+011E (decimal 286)
   defining Unicode char U+011F (decimal 287)
   defining Unicode char U+0130 (decimal 304)
   defining Unicode char U+0131 (decimal 305)
   defining Unicode char U+0132 (decimal 306)
   defining Unicode char U+0133 (decimal 307)
   defining Unicode char U+0139 (decimal 313)
   defining Unicode char U+013A (decimal 314)
   defining Unicode char U+013D (decimal 317)
   defining Unicode char U+013E (decimal 318)
   defining Unicode char U+0141 (decimal 321)
   defining Unicode char U+0142 (decimal 322)
   defining Unicode char U+0143 (decimal 323)
   defining Unicode char U+0144 (decimal 324)
   defining Unicode char U+0147 (decimal 327)
   defining Unicode char U+0148 (decimal 328)
   defining Unicode char U+014A (decimal 330)
   defining Unicode char U+014B (decimal 331)
   defining Unicode char U+0150 (decimal 336)
   defining Unicode char U+0151 (decimal 337)
   defining Unicode char U+0152 (decimal 338)
   defining Unicode char U+0153 (decimal 339)
   defining Unicode char U+0154 (decimal 340)
   defining Unicode char U+0155 (decimal 341)
   defining Unicode char U+0158 (decimal 344)
   defining Unicode char U+0159 (decimal 345)
   defining Unicode char U+015A (decimal 346)
   defining Unicode char U+015B (decimal 347)
   defining Unicode char U+015E (decimal 350)
   defining Unicode char U+015F (decimal 351)
   defining Unicode char U+0160 (decimal 352)
   defining Unicode char U+0161 (decimal 353)
   defining Unicode char U+0162 (decimal 354)
   defining Unicode char U+0163 (decimal 355)
   defining Unicode char U+0164 (decimal 356)
   defining Unicode char U+0165 (decimal 357)
   defining Unicode char U+016E (decimal 366)
   defining Unicode char U+016F (decimal 367)
   defining Unicode char U+0170 (decimal 368)
   defining Unicode char U+0171 (decimal 369)
   defining Unicode char U+0178 (decimal 376)
   defining Unicode char U+0179 (decimal 377)
   defining Unicode char U+017A (decimal 378)
   defining Unicode char U+017B (decimal 379)
   defining Unicode char U+017C (decimal 380)
   defining Unicode char U+017D (decimal 381)
   defining Unicode char U+017E (decimal 382)
   defining Unicode char U+200C (decimal 8204)
   defining Unicode char U+2013 (decimal 8211)
   defining Unicode char U+2014 (decimal 8212)
   defining Unicode char U+2018 (decimal 8216)
   defining Unicode char U+2019 (decimal 8217)
   defining Unicode char U+201A (decimal 8218)
   defining Unicode char U+201C (decimal 8220)
   defining Unicode char U+201D (decimal 8221)
   defining Unicode char U+201E (decimal 8222)
   defining Unicode char U+2030 (decimal 8240)
   defining Unicode char U+2031 (decimal 8241)
   defining Unicode char U+2039 (decimal 8249)
   defining Unicode char U+203A (decimal 8250)
   defining Unicode char U+2423 (decimal 9251)
)
Now handling font encoding OT1 ...
... processing UTF-8 mapping file for font encoding OT1

(/usr/local/texlive/2014/texmf-dist/tex/latex/base/ot1enc.dfu
File: ot1enc.dfu 2008/04/05 v1.1m UTF-8 support for inputenc
   defining Unicode char U+00A1 (decimal 161)
   defining Unicode char U+00A3 (decimal 163)
   defining Unicode char U+00B8 (decimal 184)
   defining Unicode char U+00BF (decimal 191)
   defining Unicode char U+00C5 (decimal 197)
   defining Unicode char U+00C6 (decimal 198)
   defining Unicode char U+00D8 (decimal 216)
   defining Unicode char U+00DF (decimal 223)
   defining Unicode char U+00E6 (decimal 230)
   defining Unicode char U+00EC (decimal 236)
   defining Unicode char U+00ED (decimal 237)
   defining Unicode char U+00EE (decimal 238)
   defining Unicode char U+00EF (decimal 239)
   defining Unicode char U+00F8 (decimal 248)
   defining Unicode char U+0131 (decimal 305)
   defining Unicode char U+0141 (decimal 321)
   defining Unicode char U+0142 (decimal 322)
   defining Unicode char U+0152 (decimal 338)
   defining Unicode char U+0153 (decimal 339)
   defining Unicode char U+2013 (decimal 8211)
   defining Unicode char U+2014 (decimal 8212)
   defining Unicode char U+2018 (decimal 8216)
   defining Unicode char U+2019 (decimal 8217)
   defining Unicode char U+201C (decimal 8220)
   defining Unicode char U+201D (decimal 8221)
)
Now handling font encoding OMS ...
... processing UTF-8 mapping file for font encoding OMS

(/usr/local/texlive/2014/texmf-dist/tex/latex/base/omsenc.dfu
File: omsenc.dfu 2008/04/05 v1.1m UTF-8 support for inputenc
   defining Unicode char U+00A7 (decimal 167)
   defining Unicode char U+00B6 (decimal 182)
   defining Unicode char U+00B7 (decimal 183)
   defining Unicode char U+2020 (decimal 8224)
   defining Unicode char U+2021 (decimal 8225)
   defining Unicode char U+2022 (decimal 8226)
)
Now handling font encoding OMX ...
... no UTF-8 mapping file for font encoding OMX
Now handling font encoding U ...
... no UTF-8 mapping file for font encoding U
   defining Unicode char U+00A9 (decimal 169)
   defining Unicode char U+00AA (decimal 170)
   defining Unicode char U+00AE (decimal 174)
   defining Unicode char U+00BA (decimal 186)
   defining Unicode char U+02C6 (decimal 710)
   defining Unicode char U+02DC (decimal 732)
   defining Unicode char U+200C (decimal 8204)
   defining Unicode char U+2026 (decimal 8230)
   defining Unicode char U+2122 (decimal 8482)
   defining Unicode char U+2423 (decimal 9251)
))
(/usr/local/texlive/2014/texmf-dist/tex/latex/amsmath/amsmath.sty
Package: amsmath 2013/01/14 v2.14 AMS math features
\@mathmargin=\skip43

For additional information on amsmath, use the `?' option.
(/usr/local/texlive/2014/texmf-dist/tex/latex/amsmath/amstext.sty
Package: amstext 2000/06/29 v2.01

(/usr/local/texlive/2014/texmf-dist/tex/latex/amsmath/amsgen.sty
File: amsgen.sty 1999/11/30 v2.0
\@emptytoks=\toks16
\ex@=\dimen104
))
(/usr/local/texlive/2014/texmf-dist/tex/latex/amsmath/amsbsy.sty
Package: amsbsy 1999/11/29 v1.2d
\pmbraise@=\dimen105
)
(/usr/local/texlive/2014/texmf-dist/tex/latex/amsmath/amsopn.sty
Package: amsopn 1999/12/14 v2.01 operator names
)
\inf@bad=\count88
LaTeX Info: Redefining \frac on input line 210.
\uproot@=\count89
\leftroot@=\count90
LaTeX Info: Redefining \overline on input line 306.
\classnum@=\count91
\DOTSCASE@=\count92
LaTeX Info: Redefining \ldots on input line 378.
LaTeX Info: Redefining \dots on input line 381.
LaTeX Info: Redefining \cdots on input line 466.
\Mathstrutbox@=\box26
\strutbox@=\box27
\big@size=\dimen106
LaTeX Font Info:    Redeclaring font encoding OML on input line 566.
LaTeX Font Info:    Redeclaring font encoding OMS on input line 567.
\macc@depth=\count93
\c@MaxMatrixCols=\count94
\dotsspace@=\muskip10
\c@parentequation=\count95
\dspbrk@lvl=\count96
\tag@help=\toks17
\row@=\count97
\column@=\count98
\maxfields@=\count99
\andhelp@=\toks18
\eqnshift@=\dimen107
\alignsep@=\dimen108
\tagshift@=\dimen109
\tagwidth@=\dimen110
\totwidth@=\dimen111
\lineht@=\dimen112
\@envbody=\toks19
\multlinegap=\skip44
\multlinetaggap=\skip45
\mathdisplay@stack=\toks20
LaTeX Info: Redefining \[ on input line 2665.
LaTeX Info: Redefining \] on input line 2666.
)
(/usr/local/texlive/2014/texmf-dist/tex/latex/graphics/graphicx.sty
Package: graphicx 2014/04/25 v1.0g Enhanced LaTeX Graphics (DPC,SPQR)

(/usr/local/texlive/2014/texmf-dist/tex/latex/graphics/keyval.sty
Package: keyval 2014/05/08 v1.15 key=value parser (DPC)
\KV@toks@=\toks21
)
(/usr/local/texlive/2014/texmf-dist/tex/latex/graphics/graphics.sty
Package: graphics 2009/02/05 v1.0o Standard LaTeX Graphics (DPC,SPQR)

(/usr/local/texlive/2014/texmf-dist/tex/latex/graphics/trig.sty
Package: trig 1999/03/16 v1.09 sin cos tan (DPC)
)
(/usr/local/texlive/2014/texmf-dist/tex/latex/latexconfig/graphics.cfg
File: graphics.cfg 2010/04/23 v1.9 graphics configuration of TeX Live
)
Package graphics Info: Driver file: pdftex.def on input line 91.

(/usr/local/texlive/2014/texmf-dist/tex/latex/pdftex-def/pdftex.def
File: pdftex.def 2011/05/27 v0.06d Graphics/color for pdfTeX

(/usr/local/texlive/2014/texmf-dist/tex/generic/oberdiek/infwarerr.sty
Package: infwarerr 2010/04/08 v1.3 Providing info/warning/error messages (HO)
)
(/usr/local/texlive/2014/texmf-dist/tex/generic/oberdiek/ltxcmds.sty
Package: ltxcmds 2011/11/09 v1.22 LaTeX kernel commands for general use (HO)
)
\Gread@gobject=\count100
))
\Gin@req@height=\dimen113
\Gin@req@width=\dimen114
)
(/usr/local/texlive/2014/texmf-dist/tex/latex/listings/listings.sty
\lst@mode=\count101
\lst@gtempboxa=\box28
\lst@token=\toks22
\lst@length=\count102
\lst@currlwidth=\dimen115
\lst@column=\count103
\lst@pos=\count104
\lst@lostspace=\dimen116
\lst@width=\dimen117
\lst@newlines=\count105
\lst@lineno=\count106
\lst@maxwidth=\dimen118

(/usr/local/texlive/2014/texmf-dist/tex/latex/listings/lstmisc.sty
File: lstmisc.sty 2014/03/04 1.5c (Carsten Heinz)
\c@lstnumber=\count107
\lst@skipnumbers=\count108
\lst@framebox=\box29
)
(/usr/local/texlive/2014/texmf-dist/tex/latex/listings/listings.cfg
File: listings.cfg 2014/03/04 1.5c listings configuration
))
Package: listings 2014/03/04 1.5c (Carsten Heinz)

(/usr/local/texlive/2014/texmf-dist/tex/latex/graphics/color.sty
Package: color 2014/04/23 v1.1a Standard LaTeX Color (DPC)

(/usr/local/texlive/2014/texmf-dist/tex/latex/latexconfig/color.cfg
File: color.cfg 2007/01/18 v1.5 color configuration of teTeX/TeXLive
)
Package color Info: Driver file: pdftex.def on input line 137.
)
(/usr/local/texlive/2014/texmf-dist/tex/latex/listings/lstlang1.sty
File: lstlang1.sty 2014/03/04 1.5c listings language file
)
(./seminar.aux)
\openout1 = `seminar.aux'.

LaTeX Font Info:    Checking defaults for OML/cmm/m/it on input line 49.
LaTeX Font Info:    ... okay on input line 49.
LaTeX Font Info:    Checking defaults for T1/cmr/m/n on input line 49.
LaTeX Font Info:    ... okay on input line 49.
LaTeX Font Info:    Checking defaults for OT1/cmr/m/n on input line 49.
LaTeX Font Info:    ... okay on input line 49.
LaTeX Font Info:    Checking defaults for OMS/cmsy/m/n on input line 49.
LaTeX Font Info:    ... okay on input line 49.
LaTeX Font Info:    Checking defaults for OMX/cmex/m/n on input line 49.
LaTeX Font Info:    ... okay on input line 49.
LaTeX Font Info:    Checking defaults for U/cmr/m/n on input line 49.
LaTeX Font Info:    ... okay on input line 49.

(/usr/local/texlive/2014/texmf-dist/tex/context/base/supp-pdf.mkii
[Loading MPS to PDF converter (version 2006.09.02).]
\scratchcounter=\count109
\scratchdimen=\dimen119
\scratchbox=\box30
\nofMPsegments=\count110
\nofMParguments=\count111
\everyMPshowfont=\toks23
\MPscratchCnt=\count112
\MPscratchDim=\dimen120
\MPnumerator=\count113
\makeMPintoPDFobject=\count114
\everyMPtoPDFconversion=\toks24
) (/usr/local/texlive/2014/texmf-dist/tex/generic/oberdiek/pdftexcmds.sty
Package: pdftexcmds 2011/11/29 v0.20 Utility functions of pdfTeX for LuaTeX (HO
)

(/usr/local/texlive/2014/texmf-dist/tex/generic/oberdiek/ifluatex.sty
Package: ifluatex 2010/03/01 v1.3 Provides the ifluatex switch (HO)
Package ifluatex Info: LuaTeX not detected.
)
(/usr/local/texlive/2014/texmf-dist/tex/generic/oberdiek/ifpdf.sty
Package: ifpdf 2011/01/30 v2.3 Provides the ifpdf switch (HO)
Package ifpdf Info: pdfTeX in PDF mode is detected.
)
Package pdftexcmds Info: LuaTeX not detected.
Package pdftexcmds Info: \pdf@primitive is available.
Package pdftexcmds Info: \pdf@ifprimitive is available.
Package pdftexcmds Info: \pdfdraftmode found.
)
(/usr/local/texlive/2014/texmf-dist/tex/latex/oberdiek/epstopdf-base.sty
Package: epstopdf-base 2010/02/09 v2.5 Base part for package epstopdf

(/usr/local/texlive/2014/texmf-dist/tex/latex/oberdiek/grfext.sty
Package: grfext 2010/08/19 v1.1 Manage graphics extensions (HO)

(/usr/local/texlive/2014/texmf-dist/tex/generic/oberdiek/kvdefinekeys.sty
Package: kvdefinekeys 2011/04/07 v1.3 Define keys (HO)
))
(/usr/local/texlive/2014/texmf-dist/tex/latex/oberdiek/kvoptions.sty
Package: kvoptions 2011/06/30 v3.11 Key value format for package options (HO)

(/usr/local/texlive/2014/texmf-dist/tex/generic/oberdiek/kvsetkeys.sty
Package: kvsetkeys 2012/04/25 v1.16 Key value parser (HO)

(/usr/local/texlive/2014/texmf-dist/tex/generic/oberdiek/etexcmds.sty
Package: etexcmds 2011/02/16 v1.5 Avoid name clashes with e-TeX commands (HO)
Package etexcmds Info: Could not find \expanded.
(etexcmds)             That can mean that you are not using pdfTeX 1.50 or
(etexcmds)             that some package has redefined \expanded.
(etexcmds)             In the latter case, load this package earlier.
)))
Package grfext Info: Graphics extension search list:
(grfext)             [.png,.pdf,.jpg,.mps,.jpeg,.jbig2,.jb2,.PNG,.PDF,.JPG,.JPE
G,.JBIG2,.JB2,.eps]
(grfext)             \AppendGraphicsExtensions on input line 452.

(/usr/local/texlive/2014/texmf-dist/tex/latex/latexconfig/epstopdf-sys.cfg
File: epstopdf-sys.cfg 2010/07/13 v1.3 Configuration of (r)epstopdf for TeX Liv
e
))
\c@lstlisting=\count115

[1

{/usr/local/texlive/2014/texmf-var/fonts/map/pdftex/updmap/pdftex.map}]
Underfull \hbox (badness 10000) in paragraph at lines 53--57

 []


Underfull \hbox (badness 10000) in paragraph at lines 58--59

 []


Underfull \hbox (badness 10000) in paragraph at lines 60--61

 []

[2

] (./seminar.toc [3

])
\tf@toc=\write3
\openout3 = `seminar.toc'.

 [4] (./vorwort.tex) (./Projektionen.tex [5

]
Underfull \hbox (badness 10000) in paragraph at lines 12--13

 []

LaTeX Font Info:    Try loading font information for OMS+cmr on input line 14.
(/usr/local/texlive/2014/texmf-dist/tex/latex/base/omscmr.fd
File: omscmr.fd 1999/05/25 v2.5h Standard LaTeX font definitions
)
LaTeX Font Info:    Font shape `OMS/cmr/m/n' in size <10.95> not available
(Font)              Font shape `OMS/cmsy/m/n' tried instead on input line 14.

Underfull \hbox (badness 10000) in paragraph at lines 14--15

 []


Underfull \hbox (badness 10000) in paragraph at lines 15--16

 []


Underfull \hbox (badness 10000) in paragraph at lines 16--17

 []

[6]
Underfull \hbox (badness 10000) in paragraph at lines 17--18

 []


Underfull \hbox (badness 10000) in paragraph at lines 18--19

 []


Underfull \hbox (badness 10000) in paragraph at lines 19--20

 []


Underfull \hbox (badness 10000) in paragraph at lines 20--21

 []


Underfull \hbox (badness 10000) in paragraph at lines 21--22

 []


Underfull \hbox (badness 10000) in paragraph at lines 22--23

 []


Underfull \hbox (badness 10000) in paragraph at lines 23--24

 []


Underfull \hbox (badness 10000) in paragraph at lines 24--25

 []


Underfull \hbox (badness 10000) in paragraph at lines 25--26

 []


Underfull \hbox (badness 10000) in paragraph at lines 26--27

 []


Underfull \hbox (badness 10000) in paragraph at lines 27--28

 []


Underfull \hbox (badness 10000) in paragraph at lines 28--29

 []


Underfull \hbox (badness 10000) in paragraph at lines 29--30

 []


Underfull \hbox (badness 10000) in paragraph at lines 30--31

 []


Underfull \hbox (badness 10000) in paragraph at lines 31--32

 []


Underfull \hbox (badness 10000) in paragraph at lines 32--33

 []


Underfull \hbox (badness 10000) in paragraph at lines 33--34

 []

[7]
Underfull \hbox (badness 10000) in paragraph at lines 34--35

 []


Underfull \hbox (badness 10000) in paragraph at lines 35--36

 []


Underfull \hbox (badness 10000) in paragraph at lines 36--37

 []


Underfull \hbox (badness 10000) in paragraph at lines 37--38

 []


Underfull \hbox (badness 10000) in paragraph at lines 38--39

 []


Underfull \hbox (badness 10000) in paragraph at lines 39--40

 []


Underfull \hbox (badness 10000) in paragraph at lines 40--41

 []


Underfull \hbox (badness 10000) in paragraph at lines 41--42

 []


Underfull \hbox (badness 10000) in paragraph at lines 42--43

 []


Underfull \hbox (badness 10000) in paragraph at lines 43--44

 []

) [8] (./basemap.tex (./basemap/Einfuhrung.tex

LaTeX Warning: Reference `Projektionen' on page 9 undefined on input line 3.

(/Users/student/seminar/bsp/bspconvert.py
LaTeX Font Info:    Font shape `OMS/cmr/m/n' in size <9> not available
(Font)              Font shape `OMS/cmsy/m/n' tried instead on input line 4.
 [9])
</Users/student/seminar/bsp/bspconvert.png, id=42, 578.16pt x 433.62pt>
File: /Users/student/seminar/bsp/bspconvert.png Graphic file (type png)

<use /Users/student/seminar/bsp/bspconvert.png>
Package pdftex.def Info: /Users/student/seminar/bsp/bspconvert.png used on inpu
t line 8.
(pdftex.def)             Requested size: 231.2599pt x 173.44492pt.
) (./basemap/depandencies.tex
Underfull \hbox (badness 10000) in paragraph at lines 2--4

 []


Underfull \hbox (badness 10000) in paragraph at lines 15--17

 []

[10 </Users/student/seminar/bsp/bspconvert.png>]) (./basemap/erstellen.tex
Overfull \hbox (8.321pt too wide) in paragraph at lines 6--6
\OT1/cmss/m/n/10.95 lat[]ts=None, lat[]1=None, lat[]2=None, lat[]0=None, lon[]0
=None,
 []


Overfull \hbox (22.19716pt too wide) in paragraph at lines 6--6
\OT1/cmss/m/n/10.95 lon[]1=None, lon[]2=None, o[]lon[]p=None, o[]lat[]p=None, k
[]0=None,
 []


Overfull \hbox (9.40132pt too wide) in paragraph at lines 6--6
\OT1/cmss/m/n/10.95 boun-dinglat=None, fix[]aspect=True, an-chor='C', ce-les-ti
-al=False,
 []

[11]
Overfull \hbox (2.33376pt too wide) in paragraph at lines 51--52
[]\OT1/cmss/m/n/10.95 sinu, moll, ham-mer, nps-te-re, sps-te-re, nplaea, splaea
, npaepd, spaepd,
 []


Underfull \hbox (badness 10000) in paragraph at lines 53--55

 []

[12]
Overfull \hbox (2.33376pt too wide) in paragraph at lines 56--57
[]\OT1/cmss/m/n/10.95 sinu, moll, ham-mer, nps-te-re, sps-te-re, nplaea, splaea
, npaepd, spaepd,
 []


Underfull \hbox (badness 10000) in paragraph at lines 58--69

 []

) (./basemap/zeichnenkarte.tex [13]
Underfull \hbox (badness 10000) in paragraph at lines 3--4

 []


Overfull \hbox (0.13383pt too wide) in paragraph at lines 5--7
\OT1/cmr/m/n/10.95 Die K[]ustenlinie zeich-net man mit der Funk-ti-on  \OT1/cms
s/m/n/10.95 dra-w-coast-li-nes(linewidth=1.0,
 []


Underfull \hbox (badness 10000) in paragraph at lines 5--7

 []

(/Users/student/seminar/bsp/bspcoast.py [14])
</Users/student/seminar/bsp/bspcoast.png, id=63, 578.16pt x 433.62pt>
File: /Users/student/seminar/bsp/bspcoast.png Graphic file (type png)

<use /Users/student/seminar/bsp/bspcoast.png>
Package pdftex.def Info: /Users/student/seminar/bsp/bspcoast.png used on input 
line 8.
(pdftex.def)             Requested size: 231.2599pt x 173.44492pt.
 [15 </Users/student/seminar/bsp/bspcoast.png>]
Overfull \hbox (19.10373pt too wide) in paragraph at lines 10--13
\OT1/cmss/m/n/10.95 tia-li-a-sed=1, fa-ce-co-lor='none', ax=None, zor-der=None,
 dra-w-bounds=False) \OT1/cmr/m/n/10.95 k[]onnen
 []


Underfull \hbox (badness 10000) in paragraph at lines 10--13

 []

(/Users/student/seminar/bsp/bspland.py)
</Users/student/seminar/bsp/bspland.png, id=68, 578.16pt x 433.62pt>
File: /Users/student/seminar/bsp/bspland.png Graphic file (type png)

<use /Users/student/seminar/bsp/bspland.png>
Package pdftex.def Info: /Users/student/seminar/bsp/bspland.png used on input l
ine 14.
(pdftex.def)             Requested size: 231.2599pt x 173.44492pt.
 [16 </Users/student/seminar/bsp/bspland.png>]
Overfull \hbox (31.3695pt too wide) in paragraph at lines 16--20
\OT1/cmr/m/n/10.95 f[]ullen. Mit der Funk-ti-on \OT1/cmss/m/n/10.95 dra-w-map-b
oun-da-ry(color='k', li-ne-width=1.0, fill[]color=None,
 []


Overfull \hbox (0.18257pt too wide) in paragraph at lines 16--20
\OT1/cmr/m/n/10.95 Man kann die Kar-te auch mit Hil-fe der Funk-ti-on \OT1/cmss
/m/n/10.95 drawls-mask(land[]color='0.8',
 []


Overfull \hbox (20.23816pt too wide) in paragraph at lines 16--20
\OT1/cmss/m/n/10.95 ocean[]color='w', ls-mask=None, ls-mask[]lons=None, ls-mask
[]lats=None, la-kes=True,
 []


Underfull \hbox (badness 10000) in paragraph at lines 16--20

 []

(/Users/student/seminar/bsp/bspbase.py)
</Users/student/seminar/bsp/bspbase.png, id=73, 578.16pt x 433.62pt>
File: /Users/student/seminar/bsp/bspbase.png Graphic file (type png)

<use /Users/student/seminar/bsp/bspbase.png>
Package pdftex.def Info: /Users/student/seminar/bsp/bspbase.png used on input l
ine 21.
(pdftex.def)             Requested size: 231.2599pt x 173.44492pt.
 [17] [18 </Users/student/seminar/bsp/bspbase.png>]
Underfull \hbox (badness 10000) in paragraph at lines 23--24

 []

(/Users/student/seminar/bsp/bsprivers.py)
</Users/student/seminar/bsp/bsprivers.png, id=81, 578.16pt x 433.62pt>
File: /Users/student/seminar/bsp/bsprivers.png Graphic file (type png)

<use /Users/student/seminar/bsp/bsprivers.png>
Package pdftex.def Info: /Users/student/seminar/bsp/bsprivers.png used on input
 line 25.
(pdftex.def)             Requested size: 231.2599pt x 173.44492pt.
 [19 </Users/student/seminar/bsp/bsprivers.png>]
Underfull \hbox (badness 10000) in paragraph at lines 27--29

 []

(/Users/student/seminar/bsp/bspgrad.py)
</Users/student/seminar/bsp/bspgrade.png, id=87, 578.16pt x 433.62pt>
File: /Users/student/seminar/bsp/bspgrade.png Graphic file (type png)

<use /Users/student/seminar/bsp/bspgrade.png>
Package pdftex.def Info: /Users/student/seminar/bsp/bspgrade.png used on input 
line 30.
(pdftex.def)             Requested size: 231.2599pt x 173.44492pt.

Underfull \hbox (badness 10000) in paragraph at lines 30--32

 []

[20] (/Users/student/seminar/bsp/bspgradlabel.py)
</Users/student/seminar/bsp/bspgradelabel.png, id=91, 578.16pt x 433.62pt>
File: /Users/student/seminar/bsp/bspgradelabel.png Graphic file (type png)

<use /Users/student/seminar/bsp/bspgradelabel.png>
Package pdftex.def Info: /Users/student/seminar/bsp/bspgradelabel.png used on i
nput line 33.
(pdftex.def)             Requested size: 231.2599pt x 173.44492pt.
 [21 </Users/student/seminar/bsp/bspgrade.png> </Users/student/seminar/bsp/bspg
radelabel.png>]
Underfull \hbox (badness 10000) in paragraph at lines 35--36

 []

(/Users/student/seminar/bsp/bspscalar.py)
</Users/student/seminar/bsp/bspscalar.png, id=97, 578.16pt x 433.62pt>
File: /Users/student/seminar/bsp/bspscalar.png Graphic file (type png)

<use /Users/student/seminar/bsp/bspscalar.png>
Package pdftex.def Info: /Users/student/seminar/bsp/bspscalar.png used on input
 line 37.
(pdftex.def)             Requested size: 231.2599pt x 173.44492pt.
 [22] [23 </Users/student/seminar/bsp/bspscalar.png>]
Overfull \hbox (12.51347pt too wide) in paragraph at lines 39--41
\OT1/cmr/m/n/10.95 Um ei-ne Kar-te mit Re-li-ef zu zeich-nen kann man die Funk-
tio-nen \OT1/cmss/m/n/10.95 eto-po(ax=None,
 []


Overfull \hbox (184.10141pt too wide) in paragraph at lines 39--41
\OT1/cmr/m/n/10.95 be-nut-zen. Die Funk-ti-on \OT1/cmss/m/n/10.95 eto-po \OT1/c
mr/m/n/10.95 l[]adt ein ein Re-li-ef-bild von der Sei-te \OT1/cmss/m/n/10.95 ht
tp://www.ngdc.noaa.gov/mgg/global/global.html
 []


Underfull \hbox (badness 10000) in paragraph at lines 39--41

 []

(/Users/student/seminar/bsp/bspshadereliev.py)
</Users/student/seminar/bsp/bspshadereliev.png, id=105, 578.16pt x 433.62pt>
File: /Users/student/seminar/bsp/bspshadereliev.png Graphic file (type png)

<use /Users/student/seminar/bsp/bspshadereliev.png>
Package pdftex.def Info: /Users/student/seminar/bsp/bspshadereliev.png used on 
input line 42.
(pdftex.def)             Requested size: 231.2599pt x 173.44492pt.

Underfull \hbox (badness 10000) in paragraph at lines 42--44

 []

(/Users/student/seminar/bsp/bspetopo.py [24 </Users/student/seminar/bsp/bspshad
ereliev.png>])
</Users/student/seminar/bsp/bspetopo.png, id=110, 578.16pt x 433.62pt>
File: /Users/student/seminar/bsp/bspetopo.png Graphic file (type png)

<use /Users/student/seminar/bsp/bspetopo.png>
Package pdftex.def Info: /Users/student/seminar/bsp/bspetopo.png used on input 
line 45.
(pdftex.def)             Requested size: 231.2599pt x 173.44492pt.
) (./basemap/bilderzeich.tex
Overfull \hbox (3.11584pt too wide) in paragraph at lines 2--8
\OT1/cmr/m/n/10.95 Um ein Bild auf ei-ne Kar-te zeich-nen zu k[]onnen, muss das
 Bild als \OT1/cmss/m/n/10.95 pyplot.image
 []


Overfull \hbox (44.82242pt too wide) in paragraph at lines 2--8
\OT1/cmss/m/n/10.95 norm=None, aspect=None, in-ter-po-la-ti-on=None, al-pha=Non
e, vmin=None, vmax=None,
 []


Overfull \hbox (20.85393pt too wide) in paragraph at lines 2--8
\OT1/cmss/m/n/10.95 ori-gin=None, ex-tent=None, sha-pe=None, fil-ternorm=1, fil
-ter-rad=4.0, im-lim=None,
 []


Overfull \hbox (2.87392pt too wide) in paragraph at lines 2--8
\OT1/cmr/m/n/10.95 Mit der Funk-ti-on \OT1/cmss/m/n/10.95 war-pi-ma-ge(image='b
luemarble', sca-le=None, **kwargs) \OT1/cmr/m/n/10.95 kann
 []


Underfull \hbox (badness 10000) in paragraph at lines 2--8

 []

[25 </Users/student/seminar/bsp/bspetopo.png>]
(/Users/student/seminar/bsp/bspmarble.py [26])
</Users/student/seminar/bsp/bspmarble.png, id=119, 578.16pt x 433.62pt>
File: /Users/student/seminar/bsp/bspmarble.png Graphic file (type png)

<use /Users/student/seminar/bsp/bspmarble.png>
Package pdftex.def Info: /Users/student/seminar/bsp/bspmarble.png used on input
 line 9.
(pdftex.def)             Requested size: 231.2599pt x 173.44492pt.
) (./basemap/plotdata.tex
Underfull \hbox (badness 10000) in paragraph at lines 3--4

 []

(/Users/student/seminar/bsp/bspconvert.py [27 </Users/student/seminar/bsp/bspma
rble.png>])
File: /Users/student/seminar/bsp/bspconvert.png Graphic file (type png)
 <use /Users/student/seminar/bsp/bspconvert.png>
Package pdftex.def Info: /Users/student/seminar/bsp/bspconvert.png used on inpu
t line 5.
(pdftex.def)             Requested size: 231.2599pt x 173.44492pt.
 [28]
Underfull \hbox (badness 10000) in paragraph at lines 7--8

 []

(/Users/student/seminar/bsp/bspcontur.py)
</Users/student/seminar/bsp/bspcont.png, id=127, 578.16pt x 433.62pt>
File: /Users/student/seminar/bsp/bspcont.png Graphic file (type png)

<use /Users/student/seminar/bsp/bspcont.png>
Package pdftex.def Info: /Users/student/seminar/bsp/bspcont.png used on input l
ine 9.
(pdftex.def)             Requested size: 231.2599pt x 173.44492pt.

Overfull \hbox (3.29889pt too wide) in paragraph at lines 9--11
[] \OT1/cmr/m/n/10.95 Mit der Funk-ti-on \OT1/cmss/m/n/10.95 con-tourf()
 []


Underfull \hbox (badness 10000) in paragraph at lines 9--11

 []

[29] (/Users/student/seminar/bsp/bspconturf.py) [30 </Users/student/seminar/bsp
/bspcont.png>]
</Users/student/seminar/bsp/bspcontf.png, id=135, 578.16pt x 433.62pt>
File: /Users/student/seminar/bsp/bspcontf.png Graphic file (type png)

<use /Users/student/seminar/bsp/bspcontf.png>
Package pdftex.def Info: /Users/student/seminar/bsp/bspcontf.png used on input 
line 12.
(pdftex.def)             Requested size: 231.2599pt x 173.44492pt.
 [31 </Users/student/seminar/bsp/bspcontf.png>]
Underfull \hbox (badness 10000) in paragraph at lines 14--15

 []

(/Users/student/seminar/bsp/bspbarbs.py)
</Users/student/seminar/bsp/bspbarbs.png, id=141, 578.16pt x 433.62pt>
File: /Users/student/seminar/bsp/bspbarbs.png Graphic file (type png)

<use /Users/student/seminar/bsp/bspbarbs.png>
Package pdftex.def Info: /Users/student/seminar/bsp/bspbarbs.png used on input 
line 16.
(pdftex.def)             Requested size: 231.2599pt x 173.44492pt.
 [32] [33 </Users/student/seminar/bsp/bspbarbs.png>]
Underfull \hbox (badness 10000) in paragraph at lines 18--19

 []

(/Users/student/seminar/bsp/bspquiver.py)
</Users/student/seminar/bsp/bspquiver.png, id=149, 578.16pt x 433.62pt>
File: /Users/student/seminar/bsp/bspquiver.png Graphic file (type png)

<use /Users/student/seminar/bsp/bspquiver.png>
Package pdftex.def Info: /Users/student/seminar/bsp/bspquiver.png used on input
 line 20.
(pdftex.def)             Requested size: 231.2599pt x 173.44492pt.
 [34 </Users/student/seminar/bsp/bspquiver.png>]
Underfull \hbox (badness 10000) in paragraph at lines 22--23

 []

(/Users/student/seminar/bsp/bspgreatcirc.py)
</Users/student/seminar/bsp/bspgreatcirc.png, id=154, 578.16pt x 433.62pt>
File: /Users/student/seminar/bsp/bspgreatcirc.png Graphic file (type png)

<use /Users/student/seminar/bsp/bspgreatcirc.png>
Package pdftex.def Info: /Users/student/seminar/bsp/bspgreatcirc.png used on in
put line 24.
(pdftex.def)             Requested size: 231.2599pt x 173.44492pt.
 [35] [36 </Users/student/seminar/bsp/bspgreatcirc.png>]
Overfull \hbox (26.63431pt too wide) in paragraph at lines 26--27
\OT1/cmr/m/n/10.95 Mit der Funk-ti-on \OT1/cmss/m/n/10.95 scat-ter(x, y, s=20, 
c=u'b', mar-ker=u'o', cmap=None, norm=None,
 []


Overfull \hbox (21.12779pt too wide) in paragraph at lines 26--27
\OT1/cmss/m/n/10.95 vmin=None, vmax=None, al-pha=None, li-ne-widths=None, verts
=None, hold=None,
 []

(/Users/student/seminar/bsp/bspscatter.py)
</Users/student/seminar/bsp/bspscatter.png, id=162, 578.16pt x 433.62pt>
File: /Users/student/seminar/bsp/bspscatter.png Graphic file (type png)

<use /Users/student/seminar/bsp/bspscatter.png>
Package pdftex.def Info: /Users/student/seminar/bsp/bspscatter.png used on inpu
t line 28.
(pdftex.def)             Requested size: 231.2599pt x 173.44492pt.
 [37 </Users/student/seminar/bsp/bspscatter.png>]) (./basemap/save.tex
Overfull \hbox (29.76476pt too wide) in paragraph at lines 3--4
\OT1/cmss/m/n/10.95 fa-ce-co-lor='w', ed-ge-co-lor='w', ori-en-ta-ti-on='portra
it', pa-per-ty-pe=None, for-mat=None,
 []

)) [38] (./Literatur.tex)
Overfull \hbox (111.4711pt too wide) in paragraph at lines 3--69
\OT1/cmr/m/n/10.95 http://resources.arcgis.com-/en/hel-p/-main-/10.1-/in-dex.ht
ml#/-List[]of[]supported[]map[]projections/-
 []


Overfull \hbox (0.33461pt too wide) in paragraph at lines 3--69
\OT1/cmr/m/n/10.95 http://en.wikipedia.org/wiki/Category:Cartographic[]projecti
ons Wi-ki-pe-dia
 []

[39] (./Nomenklatur.tex) [40] (./Glossar.tex) [41] (./kartendarstellungen.tex
(./Kartendarstellungen/azimequipr.tex
</Users/student/seminar/Kartendarstellungen/seminar/aziequi.png, id=181, 578.16
pt x 433.62pt>
File: /Users/student/seminar/Kartendarstellungen/seminar/aziequi.png Graphic fi
le (type png)

<use /Users/student/seminar/Kartendarstellungen/seminar/aziequi.png>
Package pdftex.def Info: /Users/student/seminar/Kartendarstellungen/seminar/azi
equi.png used on input line 10.
(pdftex.def)             Requested size: 289.07928pt x 216.80946pt.
 [42 </Users/student/seminar/Kartendarstellungen/seminar/aziequi.png>])
(./Kartendarstellungen/gnomonic.tex
Underfull \hbox (badness 10000) in paragraph at lines 3--6

 []


</Users/student/seminar/Kartendarstellungen/seminar/gnom.png, id=186, 578.16pt 
x 433.62pt>
File: /Users/student/seminar/Kartendarstellungen/seminar/gnom.png Graphic file 
(type png)
 <use /Users/student/seminar/Kartendarstellungen/seminar/gnom.png>
Package pdftex.def Info: /Users/student/seminar/Kartendarstellungen/seminar/gno
m.png used on input line 9.
(pdftex.def)             Requested size: 289.07928pt x 216.80946pt.

[43

 </Users/student/seminar/Kartendarstellungen/seminar/gnom.png>])
(./Kartendarstellungen/orthographic.tex
Underfull \hbox (badness 10000) in paragraph at lines 3--6

 []


</Users/student/seminar/Kartendarstellungen/seminar/orthograph.png, id=192, 578
.16pt x 433.62pt>
File: /Users/student/seminar/Kartendarstellungen/seminar/orthograph.png Graphic
 file (type png)

<use /Users/student/seminar/Kartendarstellungen/seminar/orthograph.png>
Package pdftex.def Info: /Users/student/seminar/Kartendarstellungen/seminar/ort
hograph.png used on input line 9.
(pdftex.def)             Requested size: 289.07928pt x 216.80946pt.

[44 </Users/student/seminar/Kartendarstellungen/seminar/orthograph.png>])
(./Kartendarstellungen/geostationary.tex
Underfull \hbox (badness 10000) in paragraph at lines 3--4

 []


Underfull \hbox (badness 10000) in paragraph at lines 9--9

 []


Underfull \hbox (badness 10000) in paragraph at lines 10--11

 []


Underfull \hbox (badness 10000) in paragraph at lines 11--12

 []


</Users/student/seminar/Kartendarstellungen/seminar/geos.png, id=197, 578.16pt 
x 433.62pt>
File: /Users/student/seminar/Kartendarstellungen/seminar/geos.png Graphic file 
(type png)
 <use /Users/student/seminar/Kartendarstellungen/seminar/geos.png>
Package pdftex.def Info: /Users/student/seminar/Kartendarstellungen/seminar/geo
s.png used on input line 16.
(pdftex.def)             Requested size: 289.07928pt x 216.80946pt.

[45 </Users/student/seminar/Kartendarstellungen/seminar/geos.png>])
(./Kartendarstellungen/nearsidedperspective.tex
Underfull \hbox (badness 10000) in paragraph at lines 3--5

 []


</Users/student/seminar/Kartendarstellungen/seminar/nearsid.png, id=202, 578.16
pt x 433.62pt>
File: /Users/student/seminar/Kartendarstellungen/seminar/nearsid.png Graphic fi
le (type png)

<use /Users/student/seminar/Kartendarstellungen/seminar/nearsid.png>
Package pdftex.def Info: /Users/student/seminar/Kartendarstellungen/seminar/nea
rsid.png used on input line 8.
(pdftex.def)             Requested size: 289.07928pt x 216.80946pt.
 [46 </Users/student/seminar/Kartendarstellungen/seminar/nearsid.png>])
(./Kartendarstellungen/mollweide.tex
Underfull \hbox (badness 10000) in paragraph at lines 3--6

 []


</Users/student/seminar/Kartendarstellungen/seminar/moll.png, id=207, 578.16pt 
x 433.62pt>
File: /Users/student/seminar/Kartendarstellungen/seminar/moll.png Graphic file 
(type png)
 <use /Users/student/seminar/Kartendarstellungen/seminar/moll.png>
Package pdftex.def Info: /Users/student/seminar/Kartendarstellungen/seminar/mol
l.png used on input line 9.
(pdftex.def)             Requested size: 289.07928pt x 216.80946pt.

[47 </Users/student/seminar/Kartendarstellungen/seminar/moll.png>])
(./Kartendarstellungen/hammer.tex
Underfull \hbox (badness 10000) in paragraph at lines 3--5

 []


</Users/student/seminar/Kartendarstellungen/seminar/hammer.png, id=212, 578.16p
t x 433.62pt>
File: /Users/student/seminar/Kartendarstellungen/seminar/hammer.png Graphic fil
e (type png)

<use /Users/student/seminar/Kartendarstellungen/seminar/hammer.png>
Package pdftex.def Info: /Users/student/seminar/Kartendarstellungen/seminar/ham
mer.png used on input line 8.
(pdftex.def)             Requested size: 289.07928pt x 216.80946pt.
 [48 </Users/student/seminar/Kartendarstellungen/seminar/hammer.png>])
(./Kartendarstellungen/robinson.tex
Underfull \hbox (badness 10000) in paragraph at lines 3--4

 []


</Users/student/seminar/Kartendarstellungen/seminar/robin.png, id=217, 578.16pt
 x 433.62pt>
File: /Users/student/seminar/Kartendarstellungen/seminar/robin.png Graphic file
 (type png)

<use /Users/student/seminar/Kartendarstellungen/seminar/robin.png>
Package pdftex.def Info: /Users/student/seminar/Kartendarstellungen/seminar/rob
in.png used on input line 7.
(pdftex.def)             Requested size: 289.07928pt x 216.80946pt.
 [49 </Users/student/seminar/Kartendarstellungen/seminar/robin.png>])
(./Kartendarstellungen/eckert4.tex
Underfull \hbox (badness 10000) in paragraph at lines 3--5

 []


</Users/student/seminar/Kartendarstellungen/seminar/eck4.png, id=223, 578.16pt 
x 433.62pt>
File: /Users/student/seminar/Kartendarstellungen/seminar/eck4.png Graphic file 
(type png)
 <use /Users/student/seminar/Kartendarstellungen/seminar/eck4.png>
Package pdftex.def Info: /Users/student/seminar/Kartendarstellungen/seminar/eck
4.png used on input line 14.
(pdftex.def)             Requested size: 289.07928pt x 216.80946pt.

[50 </Users/student/seminar/Kartendarstellungen/seminar/eck4.png>])
(./Kartendarstellungen/kavrayskiy7.tex
Underfull \hbox (badness 10000) in paragraph at lines 3--5

 []


Underfull \hbox (badness 10000) in paragraph at lines 8--9

 []


</Users/student/seminar/Kartendarstellungen/seminar/kav7.png, id=230, 578.16pt 
x 433.62pt>
File: /Users/student/seminar/Kartendarstellungen/seminar/kav7.png Graphic file 
(type png)
 <use /Users/student/seminar/Kartendarstellungen/seminar/kav7.png>
Package pdftex.def Info: /Users/student/seminar/Kartendarstellungen/seminar/kav
7.png used on input line 12.
(pdftex.def)             Requested size: 289.07928pt x 216.80946pt.

[51 </Users/student/seminar/Kartendarstellungen/seminar/kav7.png>])
(./Kartendarstellungen/mcbryde-thomas.tex
Underfull \hbox (badness 10000) in paragraph at lines 3--4

 []


</Users/student/seminar/Kartendarstellungen/seminar/mbtfpq.png, id=235, 578.16p
t x 433.62pt>
File: /Users/student/seminar/Kartendarstellungen/seminar/mbtfpq.png Graphic fil
e (type png)

<use /Users/student/seminar/Kartendarstellungen/seminar/mbtfpq.png>
Package pdftex.def Info: /Users/student/seminar/Kartendarstellungen/seminar/mbt
fpq.png used on input line 7.
(pdftex.def)             Requested size: 289.07928pt x 216.80946pt.
 [52 </Users/student/seminar/Kartendarstellungen/seminar/mbtfpq.png>])
(./Kartendarstellungen/sinusodial.tex
Underfull \hbox (badness 10000) in paragraph at lines 3--5

 []


Underfull \hbox (badness 10000) in paragraph at lines 8--9

 []


Underfull \hbox (badness 10000) in paragraph at lines 12--13

 []


</Users/student/seminar/Kartendarstellungen/seminar/sinu.png, id=240, 578.16pt 
x 433.62pt>
File: /Users/student/seminar/Kartendarstellungen/seminar/sinu.png Graphic file 
(type png)
 <use /Users/student/seminar/Kartendarstellungen/seminar/sinu.png>
Package pdftex.def Info: /Users/student/seminar/Kartendarstellungen/seminar/sin
u.png used on input line 20.
(pdftex.def)             Requested size: 289.07928pt x 216.80946pt.

[53 </Users/student/seminar/Kartendarstellungen/seminar/sinu.png>])
(./Kartendarstellungen/aquizylinder.tex
Overfull \hbox (23.50104pt too wide) in paragraph at lines 3--5
\OT1/cmr/m/n/10.95 die Er-de ein-fach in L[]angen- und Brei-ten-grad dar. Da-be
i ent-steht ein gleichm[]a^^Yiges
 []


Underfull \hbox (badness 10000) in paragraph at lines 8--9

 []


Overfull \hbox (6.52121pt too wide) in paragraph at lines 10--11
[]\OT1/cmr/m/n/10.95 Die Ver-zer-run-gen wir-ken so-wohl auf die Fl[]ache als a
uch auf die Abst[]ande
 []


Underfull \hbox (badness 10000) in paragraph at lines 13--14

 []


</Users/student/seminar/Kartendarstellungen/seminar/cyl.png, id=246, 578.16pt x
 433.62pt>
File: /Users/student/seminar/Kartendarstellungen/seminar/cyl.png Graphic file (
type png)
 <use /Users/student/seminar/Kartendarstellungen/seminar/cyl.png>
Package pdftex.def Info: /Users/student/seminar/Kartendarstellungen/seminar/cyl
.png used on input line 21.
(pdftex.def)             Requested size: 289.07928pt x 216.80946pt.

[54 </Users/student/seminar/Kartendarstellungen/seminar/cyl.png>])
(./Kartendarstellungen/cassini.tex
Underfull \hbox (badness 10000) in paragraph at lines 3--5

 []


</Users/student/seminar/Kartendarstellungen/seminar/cass.png, id=251, 578.16pt 
x 433.62pt>
File: /Users/student/seminar/Kartendarstellungen/seminar/cass.png Graphic file 
(type png)
 <use /Users/student/seminar/Kartendarstellungen/seminar/cass.png>
Package pdftex.def Info: /Users/student/seminar/Kartendarstellungen/seminar/cas
s.png used on input line 8.
(pdftex.def)             Requested size: 289.07928pt x 216.80946pt.

[55 </Users/student/seminar/Kartendarstellungen/seminar/cass.png>])
(./Kartendarstellungen/mercator.tex
Underfull \hbox (badness 10000) in paragraph at lines 3--7

 []


</Users/student/seminar/Kartendarstellungen/seminar/merc.png, id=257, 578.16pt 
x 433.62pt>
File: /Users/student/seminar/Kartendarstellungen/seminar/merc.png Graphic file 
(type png)
 <use /Users/student/seminar/Kartendarstellungen/seminar/merc.png>
Package pdftex.def Info: /Users/student/seminar/Kartendarstellungen/seminar/mer
c.png used on input line 10.
(pdftex.def)             Requested size: 289.07928pt x 216.80946pt.

[56 </Users/student/seminar/Kartendarstellungen/seminar/merc.png>])
(./Kartendarstellungen/transmercator.tex
Underfull \hbox (badness 10000) in paragraph at lines 3--4

 []


</Users/student/seminar/Kartendarstellungen/seminar/tmerc.png, id=262, 578.16pt
 x 433.62pt>
File: /Users/student/seminar/Kartendarstellungen/seminar/tmerc.png Graphic file
 (type png)

<use /Users/student/seminar/Kartendarstellungen/seminar/tmerc.png>
Package pdftex.def Info: /Users/student/seminar/Kartendarstellungen/seminar/tme
rc.png used on input line 7.
(pdftex.def)             Requested size: 289.07928pt x 216.80946pt.
 [57 </Users/student/seminar/Kartendarstellungen/seminar/tmerc.png>])
(./Kartendarstellungen/schiefmerc.tex
</Users/student/seminar/Kartendarstellungen/seminar/omerc.png, id=267, 578.16pt
 x 433.62pt>
File: /Users/student/seminar/Kartendarstellungen/seminar/omerc.png Graphic file
 (type png)

<use /Users/student/seminar/Kartendarstellungen/seminar/omerc.png>
Package pdftex.def Info: /Users/student/seminar/Kartendarstellungen/seminar/ome
rc.png used on input line 6.
(pdftex.def)             Requested size: 289.07928pt x 216.80946pt.
 [58 </Users/student/seminar/Kartendarstellungen/seminar/omerc.png>])
(./Kartendarstellungen/polyconisch.tex
Underfull \hbox (badness 10000) in paragraph at lines 3--4

 []


</Users/student/seminar/Kartendarstellungen/seminar/poly.png, id=272, 578.16pt 
x 433.62pt>
File: /Users/student/seminar/Kartendarstellungen/seminar/poly.png Graphic file 
(type png)
 <use /Users/student/seminar/Kartendarstellungen/seminar/poly.png>
Package pdftex.def Info: /Users/student/seminar/Kartendarstellungen/seminar/pol
y.png used on input line 7.
(pdftex.def)             Requested size: 289.07928pt x 216.80946pt.

[59 </Users/student/seminar/Kartendarstellungen/seminar/poly.png>])
(./Kartendarstellungen/miller.tex
Underfull \hbox (badness 10000) in paragraph at lines 3--5

 []


</Users/student/seminar/Kartendarstellungen/seminar/mill.png, id=277, 578.16pt 
x 433.62pt>
File: /Users/student/seminar/Kartendarstellungen/seminar/mill.png Graphic file 
(type png)
 <use /Users/student/seminar/Kartendarstellungen/seminar/mill.png>
Package pdftex.def Info: /Users/student/seminar/Kartendarstellungen/seminar/mil
l.png used on input line 8.
(pdftex.def)             Requested size: 289.07928pt x 216.80946pt.

[60 </Users/student/seminar/Kartendarstellungen/seminar/mill.png>])
(./Kartendarstellungen/stereogall.tex
Underfull \hbox (badness 10000) in paragraph at lines 3--4

 []


</Users/student/seminar/Kartendarstellungen/seminar/gall.png, id=282, 578.16pt 
x 433.62pt>
File: /Users/student/seminar/Kartendarstellungen/seminar/gall.png Graphic file 
(type png)
 <use /Users/student/seminar/Kartendarstellungen/seminar/gall.png>
Package pdftex.def Info: /Users/student/seminar/Kartendarstellungen/seminar/gal
l.png used on input line 7.
(pdftex.def)             Requested size: 289.07928pt x 216.80946pt.

[61 </Users/student/seminar/Kartendarstellungen/seminar/gall.png>])
(./Kartendarstellungen/equareazyl.tex
Underfull \hbox (badness 10000) in paragraph at lines 3--4

 []


</Users/student/seminar/Kartendarstellungen/seminar/cea.png, id=288, 578.16pt x
 433.62pt>
File: /Users/student/seminar/Kartendarstellungen/seminar/cea.png Graphic file (
type png)
 <use /Users/student/seminar/Kartendarstellungen/seminar/cea.png>
Package pdftex.def Info: /Users/student/seminar/Kartendarstellungen/seminar/cea
.png used on input line 7.
(pdftex.def)             Requested size: 289.07928pt x 216.80946pt.

[62 </Users/student/seminar/Kartendarstellungen/seminar/cea.png>])
(./Kartendarstellungen/lamwink.tex
Underfull \hbox (badness 10000) in paragraph at lines 6--7

 []


Underfull \hbox (badness 10000) in paragraph at lines 13--14

 []


</Users/student/seminar/Kartendarstellungen/seminar/lcc.png, id=293, 578.16pt x
 433.62pt>
File: /Users/student/seminar/Kartendarstellungen/seminar/lcc.png Graphic file (
type png)
 <use /Users/student/seminar/Kartendarstellungen/seminar/lcc.png>
Package pdftex.def Info: /Users/student/seminar/Kartendarstellungen/seminar/lcc
.png used on input line 17.
(pdftex.def)             Requested size: 289.07928pt x 216.80946pt.

[63 </Users/student/seminar/Kartendarstellungen/seminar/lcc.png>])
(./Kartendarstellungen/lamflach.tex
Underfull \hbox (badness 10000) in paragraph at lines 3--7

 []


</Users/student/seminar/Kartendarstellungen/seminar/laea.png, id=299, 578.16pt 
x 433.62pt>
File: /Users/student/seminar/Kartendarstellungen/seminar/laea.png Graphic file 
(type png)
 <use /Users/student/seminar/Kartendarstellungen/seminar/laea.png>
Package pdftex.def Info: /Users/student/seminar/Kartendarstellungen/seminar/lae
a.png used on input line 10.
(pdftex.def)             Requested size: 289.07928pt x 216.80946pt.

[64 </Users/student/seminar/Kartendarstellungen/seminar/laea.png>])
(./Kartendarstellungen/stereo.tex
Underfull \hbox (badness 10000) in paragraph at lines 3--6

 []


</Users/student/seminar/Kartendarstellungen/seminar/stere.png, id=304, 578.16pt
 x 433.62pt>
File: /Users/student/seminar/Kartendarstellungen/seminar/stere.png Graphic file
 (type png)

<use /Users/student/seminar/Kartendarstellungen/seminar/stere.png>
Package pdftex.def Info: /Users/student/seminar/Kartendarstellungen/seminar/ste
re.png used on input line 9.
(pdftex.def)             Requested size: 289.07928pt x 216.80946pt.
 [65 </Users/student/seminar/Kartendarstellungen/seminar/stere.png>])
(./Kartendarstellungen/langkeg.tex
Underfull \hbox (badness 10000) in paragraph at lines 3--5

 []


</Users/student/seminar/Kartendarstellungen/seminar/eqdc.png, id=309, 578.16pt 
x 433.62pt>
File: /Users/student/seminar/Kartendarstellungen/seminar/eqdc.png Graphic file 
(type png)
 <use /Users/student/seminar/Kartendarstellungen/seminar/eqdc.png>
Package pdftex.def Info: /Users/student/seminar/Kartendarstellungen/seminar/eqd
c.png used on input line 8.
(pdftex.def)             Requested size: 289.07928pt x 216.80946pt.

[66 </Users/student/seminar/Kartendarstellungen/seminar/eqdc.png>])
(./Kartendarstellungen/albert.tex
Underfull \hbox (badness 10000) in paragraph at lines 3--5

 []


Underfull \hbox (badness 10000) in paragraph at lines 6--7

 []


</Users/student/seminar/Kartendarstellungen/seminar/aea.png, id=314, 578.16pt x
 433.62pt>
File: /Users/student/seminar/Kartendarstellungen/seminar/aea.png Graphic file (
type png)
 <use /Users/student/seminar/Kartendarstellungen/seminar/aea.png>
Package pdftex.def Info: /Users/student/seminar/Kartendarstellungen/seminar/aea
.png used on input line 20.
(pdftex.def)             Requested size: 289.07928pt x 216.80946pt.

[67 </Users/student/seminar/Kartendarstellungen/seminar/aea.png>])
(./Kartendarstellungen/polare.tex
</Users/student/seminar/Kartendarstellungen/seminar/npstere.png, id=320, 578.16
pt x 433.62pt>
File: /Users/student/seminar/Kartendarstellungen/seminar/npstere.png Graphic fi
le (type png)

<use /Users/student/seminar/Kartendarstellungen/seminar/npstere.png>
Package pdftex.def Info: /Users/student/seminar/Kartendarstellungen/seminar/nps
tere.png used on input line 6.
(pdftex.def)             Requested size: 289.07928pt x 216.80946pt.

</Users/student/seminar/Kartendarstellungen/seminar/spstere.png, id=321, 578.16
pt x 433.62pt>
File: /Users/student/seminar/Kartendarstellungen/seminar/spstere.png Graphic fi
le (type png)

<use /Users/student/seminar/Kartendarstellungen/seminar/spstere.png>
Package pdftex.def Info: /Users/student/seminar/Kartendarstellungen/seminar/sps
tere.png used on input line 11.
(pdftex.def)             Requested size: 289.07928pt x 216.80946pt.
 [68 </Users/student/seminar/Kartendarstellungen/seminar/npstere.png>]
</Users/student/seminar/Kartendarstellungen/seminar/nplaea.png, id=326, 578.16p
t x 433.62pt>
File: /Users/student/seminar/Kartendarstellungen/seminar/nplaea.png Graphic fil
e (type png)

<use /Users/student/seminar/Kartendarstellungen/seminar/nplaea.png>
Package pdftex.def Info: /Users/student/seminar/Kartendarstellungen/seminar/npl
aea.png used on input line 19.
(pdftex.def)             Requested size: 289.07928pt x 216.80946pt.

</Users/student/seminar/Kartendarstellungen/seminar/splaea.png, id=327, 578.16p
t x 433.62pt>
File: /Users/student/seminar/Kartendarstellungen/seminar/splaea.png Graphic fil
e (type png)

<use /Users/student/seminar/Kartendarstellungen/seminar/splaea.png>
Package pdftex.def Info: /Users/student/seminar/Kartendarstellungen/seminar/spl
aea.png used on input line 24.
(pdftex.def)             Requested size: 289.07928pt x 216.80946pt.
 [69 </Users/student/seminar/Kartendarstellungen/seminar/spstere.png>] [70 </Us
ers/student/seminar/Kartendarstellungen/seminar/nplaea.png> </Users/student/sem
inar/Kartendarstellungen/seminar/splaea.png>]
</Users/student/seminar/Kartendarstellungen/seminar/npaeqd.png, id=337, 578.16p
t x 433.62pt>
File: /Users/student/seminar/Kartendarstellungen/seminar/npaeqd.png Graphic fil
e (type png)

<use /Users/student/seminar/Kartendarstellungen/seminar/npaeqd.png>
Package pdftex.def Info: /Users/student/seminar/Kartendarstellungen/seminar/npa
eqd.png used on input line 32.
(pdftex.def)             Requested size: 289.07928pt x 216.80946pt.

</Users/student/seminar/Kartendarstellungen/seminar/spaeqd.png, id=338, 578.16p
t x 433.62pt>
File: /Users/student/seminar/Kartendarstellungen/seminar/spaeqd.png Graphic fil
e (type png)

<use /Users/student/seminar/Kartendarstellungen/seminar/spaeqd.png>
Package pdftex.def Info: /Users/student/seminar/Kartendarstellungen/seminar/spa
eqd.png used on input line 37.
(pdftex.def)             Requested size: 289.07928pt x 216.80946pt.
 [71 </Users/student/seminar/Kartendarstellungen/seminar/npaeqd.png>])
(./Kartendarstellungen/vander.tex
Underfull \hbox (badness 10000) in paragraph at lines 3--5

 []


Overfull \hbox (70.3646pt too wide) in alignment at lines 5--20
 [][][] []
 []

[72 </Users/student/seminar/Kartendarstellungen/seminar/spaeqd.png>]
</Users/student/seminar/Kartendarstellungen/seminar/vandg.png, id=347, 578.16pt
 x 433.62pt>
File: /Users/student/seminar/Kartendarstellungen/seminar/vandg.png Graphic file
 (type png)

<use /Users/student/seminar/Kartendarstellungen/seminar/vandg.png>
Package pdftex.def Info: /Users/student/seminar/Kartendarstellungen/seminar/van
dg.png used on input line 24.
(pdftex.def)             Requested size: 289.07928pt x 216.80946pt.
 [73 </Users/student/seminar/Kartendarstellungen/seminar/vandg.png>])) (./semin
ar.aux)

LaTeX Warning: There were undefined references.


LaTeX Warning: Label(s) may have changed. Rerun to get cross-references right.

 ) 
Here is how much of TeX's memory you used:
 5590 strings out of 493117
 83659 string characters out of 6135432
 325893 words of memory out of 5000000
 8762 multiletter control sequences out of 15000+600000
 11724 words of font info for 42 fonts, out of 8000000 for 9000
 1141 hyphenation exceptions out of 8191
 38i,13n,36p,1978b,2194s stack positions out of 5000i,500n,10000p,200000b,80000s
</usr/local/texlive/2014/texmf-dist/fonts/type1/public/amsfonts/cm/cmbx10.pfb
></usr/local/texlive/2014/texmf-dist/fonts/type1/public/amsfonts/cm/cmbx12.pfb>
</usr/local/texlive/2014/texmf-dist/fonts/type1/public/amsfonts/cm/cmex10.pfb><
/usr/local/texlive/2014/texmf-dist/fonts/type1/public/amsfonts/cm/cmmi10.pfb></
usr/local/texlive/2014/texmf-dist/fonts/type1/public/amsfonts/cm/cmmi12.pfb></u
sr/local/texlive/2014/texmf-dist/fonts/type1/public/amsfonts/cm/cmmi8.pfb></usr
/local/texlive/2014/texmf-dist/fonts/type1/public/amsfonts/cm/cmr10.pfb></usr/l
ocal/texlive/2014/texmf-dist/fonts/type1/public/amsfonts/cm/cmr12.pfb></usr/loc
al/texlive/2014/texmf-dist/fonts/type1/public/amsfonts/cm/cmr17.pfb></usr/local
/texlive/2014/texmf-dist/fonts/type1/public/amsfonts/cm/cmr6.pfb></usr/local/te
xlive/2014/texmf-dist/fonts/type1/public/amsfonts/cm/cmr8.pfb></usr/local/texli
ve/2014/texmf-dist/fonts/type1/public/amsfonts/cm/cmr9.pfb></usr/local/texlive/
2014/texmf-dist/fonts/type1/public/amsfonts/cm/cmss10.pfb></usr/local/texlive/2
014/texmf-dist/fonts/type1/public/amsfonts/cm/cmsy10.pfb></usr/local/texlive/20
14/texmf-dist/fonts/type1/public/amsfonts/cm/cmsy8.pfb></usr/local/texlive/2014
/texmf-dist/fonts/type1/public/amsfonts/cm/cmsy9.pfb></usr/local/texlive/2014/t
exmf-dist/fonts/type1/public/amsfonts/cm/cmti10.pfb>
Output written on seminar.pdf (73 pages, 5005029 bytes).
PDF statistics:
 411 PDF objects out of 1000 (max. 8388607)
 216 compressed objects within 3 object streams
 0 named destinations out of 1000 (max. 500000)
 251 words of extra memory for PDF output out of 10000 (max. 10000000)

